<?xml version="1.0" encoding="UTF-8"?>
<!-- Generated by org.testng.reporters.JUnitXMLReporter -->
<testsuite ignored="0" hostname="LAPTOP-5KMFOFH9" failures="0" tests="3" name="Default test" time="18.123" errors="0" timestamp="2024-06-16T12:47:45 IST">
  <testcase classname="parallelTest.ParallelTestOnBrowser_Method" name="chromeTest" time="5.228"/>
  <testcase classname="parallelTest.ParallelTestOnBrowser_Method" name="firefoxTest" time="6.126"/>
  <testcase classname="parallelTest.ParallelTestOnBrowser_Method" name="edgeTest" time="6.7"/>
</testsuite> <!-- Default test -->
