<?xml version="1.0" encoding="UTF-8"?>
<!-- Generated by org.testng.reporters.JUnitXMLReporter -->
<testsuite ignored="0" hostname="LAPTOP-5KMFOFH9" failures="0" tests="5" name="Default test" time="0.109" errors="0" timestamp="2024-06-15T13:19:51 IST">
  <testcase classname="testNgDemo.GroupingTest" name="registerTest" time="0.012"/>
  <testcase classname="testNgDemo.GroupingTest" name="loginTest" time="0.004"/>
  <testcase classname="testNgDemo.GroupingTest" name="searchTest" time="0.002"/>
  <testcase classname="testNgDemo.GroupingTest" name="addToCartTest" time="0.002"/>
  <testcase classname="testNgDemo.GroupingTest" name="logoutTest" time="0.001"/>
</testsuite> <!-- Default test -->
