<?xml version="1.0" encoding="UTF-8"?>
<!-- Generated by org.testng.reporters.JUnitXMLReporter -->
<testsuite ignored="0" hostname="LAPTOP-5KMFOFH9" failures="0" tests="4" name="CartTest" time="11.235" errors="0" timestamp="2024-06-23T12:59:22 IST">
  <testcase classname="com.SwagLab.TestCases.CartPageTest" name="verifyDescription" time="1.035"/>
  <testcase classname="com.SwagLab.TestCases.CartPageTest" name="validateRemove" time="1.201"/>
  <testcase classname="com.SwagLab.TestCases.CartPageTest" name="validateContinueShopping" time="2.723"/>
  <testcase classname="com.SwagLab.TestCases.CartPageTest" name="verifyCheckOutPage" time="1.279"/>
</testsuite> <!-- CartTest -->
