<?xml version="1.0" encoding="UTF-8"?>
<!-- Generated by org.testng.reporters.JUnitXMLReporter -->
<testsuite ignored="0" hostname="LAPTOP-5KMFOFH9" failures="0" tests="4" name="InventoryTest" time="6.261" errors="0" timestamp="2024-06-30T13:00:07 IST">
  <testcase classname="com.SwagLab.TestCases.InventoryPageTest" name="verifyProductCount" time="0.035"/>
  <testcase classname="com.SwagLab.TestCases.InventoryPageTest" name="verifyProductList" time="0.242"/>
  <testcase classname="com.SwagLab.TestCases.InventoryPageTest" name="ValidateAddToCart" time="1.397"/>
  <testcase classname="com.SwagLab.TestCases.InventoryPageTest" name="verifyCartPage" time="1.192"/>
</testsuite> <!-- InventoryTest -->
