<?xml version="1.0" encoding="UTF-8"?>
<!-- Generated by org.testng.reporters.JUnitXMLReporter -->
<testsuite ignored="0" hostname="LAPTOP-5KMFOFH9" failures="0" tests="4" name="InventoryTest" time="6.28" errors="0" timestamp="2024-06-22T13:33:39 IST">
  <testcase classname="com.SwagLab.TestCases.InventoryPageTest" name="verifyProductCount" time="0.036"/>
  <testcase classname="com.SwagLab.TestCases.InventoryPageTest" name="verifyProductList" time="0.138"/>
  <testcase classname="com.SwagLab.TestCases.InventoryPageTest" name="ValidateAddToCart" time="1.356"/>
  <testcase classname="com.SwagLab.TestCases.InventoryPageTest" name="verifyCartPage" time="1.096"/>
</testsuite> <!-- InventoryTest -->
