<?xml version="1.0" encoding="UTF-8"?>
<!-- Generated by org.testng.reporters.JUnitXMLReporter -->
<testsuite ignored="0" hostname="LAPTOP-5KMFOFH9" failures="0" tests="3" name="LoginTest" time="5.594" errors="0" timestamp="2024-06-23T12:59:04 IST">
  <testcase classname="com.SwagLab.TestCases.LoginPageTest" name="verifyUrl" time="0.044"/>
  <testcase classname="com.SwagLab.TestCases.LoginPageTest" name="verifyTitle" time="0.034"/>
  <testcase classname="com.SwagLab.TestCases.LoginPageTest" name="validateLogin" time="1.822"/>
</testsuite> <!-- LoginTest -->
