<?xml version="1.0" encoding="UTF-8"?>
<!-- Generated by org.testng.reporters.JUnitXMLReporter -->
<testsuite ignored="2" hostname="LAPTOP-5KMFOFH9" failures="0" tests="3" name="Test" time="0.092" errors="0" timestamp="2024-06-15T13:23:59 IST">
  <testcase classname="testNgDemo.GroupingTest" name="loginTest" time="0.016"/>
  <testcase classname="testNgDemo.GroupingTest" name="searchTest" time="0.001"/>
  <testcase classname="testNgDemo.GroupingTest" name="addToCartTest" time="0.001"/>
  <testcase classname="testNgDemo.GroupingTest" name="registerTest" time="0.0">
    <ignored/>
  </testcase> <!-- registerTest -->
  <testcase classname="testNgDemo.GroupingTest" name="logoutTest" time="0.0">
    <ignored/>
  </testcase> <!-- logoutTest -->
</testsuite> <!-- Test -->
