<?xml version="1.0" encoding="UTF-8"?>
<!-- Generated by org.testng.reporters.JUnitXMLReporter -->
<testsuite ignored="0" hostname="LAPTOP-5KMFOFH9" failures="0" tests="4" name="CartTest" time="11.437" errors="0" timestamp="2024-07-13T11:57:47 IST">
  <testcase classname="com.SwagLab.TestCases.CartPageTest" name="verifyDescription" time="1.041"/>
  <testcase classname="com.SwagLab.TestCases.CartPageTest" name="validateRemove" time="1.204"/>
  <testcase classname="com.SwagLab.TestCases.CartPageTest" name="validateContinueShopping" time="2.764"/>
  <testcase classname="com.SwagLab.TestCases.CartPageTest" name="verifyCheckOutPage" time="1.333"/>
</testsuite> <!-- CartTest -->
