<?xml version="1.0" encoding="UTF-8"?>
<!-- Generated by org.testng.reporters.JUnitXMLReporter -->
<testsuite ignored="0" hostname="LAPTOP-5KMFOFH9" failures="0" tests="4" name="CartTest" time="11.671" errors="0" timestamp="2024-07-14T12:40:03 IST">
  <testcase classname="com.SwagLab.TestCases.CartPageTest" name="verifyDescription" time="1.05"/>
  <testcase classname="com.SwagLab.TestCases.CartPageTest" name="validateRemove" time="1.212"/>
  <testcase classname="com.SwagLab.TestCases.CartPageTest" name="validateContinueShopping" time="2.855"/>
  <testcase classname="com.SwagLab.TestCases.CartPageTest" name="verifyCheckOutPage" time="1.345"/>
</testsuite> <!-- CartTest -->
