<?xml version="1.0" encoding="UTF-8"?>
<!-- Generated by org.testng.reporters.JUnitXMLReporter -->
<testsuite ignored="0" hostname="LAPTOP-5KMFOFH9" failures="0" tests="4" name="InventoryTest" time="6.531" errors="0" timestamp="2024-07-13T11:57:36 IST">
  <testcase classname="com.SwagLab.TestCases.InventoryPageTest" name="verifyProductCount" time="0.035"/>
  <testcase classname="com.SwagLab.TestCases.InventoryPageTest" name="verifyProductList" time="0.265"/>
  <testcase classname="com.SwagLab.TestCases.InventoryPageTest" name="ValidateAddToCart" time="1.479"/>
  <testcase classname="com.SwagLab.TestCases.InventoryPageTest" name="verifyCartPage" time="1.223"/>
</testsuite> <!-- InventoryTest -->
