<?xml version="1.0" encoding="UTF-8"?>
<!-- Generated by org.testng.reporters.JUnitXMLReporter -->
<testsuite ignored="0" hostname="LAPTOP-5KMFOFH9" failures="0" tests="3" name="LoginTest" time="8.019" errors="0" timestamp="2024-07-13T11:57:29 IST">
  <testcase classname="com.SwagLab.TestCases.LoginPageTest" name="verifyUrl" time="0.14"/>
  <testcase classname="com.SwagLab.TestCases.LoginPageTest" name="verifyTitle" time="0.044"/>
  <testcase classname="com.SwagLab.TestCases.LoginPageTest" name="validateLogin" time="1.889"/>
</testsuite> <!-- LoginTest -->
