<?xml version="1.0" encoding="UTF-8"?>
<testsuite xmlns:xsi="http://www.w3.org/2001/XMLSchema-instance" xsi:noNamespaceSchemaLocation="https://maven.apache.org/surefire/maven-surefire-plugin/xsd/surefire-test-report.xsd" version="3.0.1" name="TestSuite" time="41.385" tests="14" errors="0" skipped="0" failures="0">
  <properties>
[...]
</properties>
  <testcase name="verifyUrl" classname="com.SwagLab.TestCases.LoginPageTest" time="0.209">
    <system-out><![CDATA[Url is Matched: https://www.saucedemo.com/
]]></system-out>
    <system-err><![CDATA[SLF4J: Failed to load class "org.slf4j.impl.StaticLoggerBinder".
SLF4J: Defaulting to no-operation (NOP) logger implementation
SLF4J: See http://www.slf4j.org/codes.html#StaticLoggerBinder for further details.
Jul 14, 2024 12:39:40 PM org.openqa.selenium.devtools.CdpVersionFinder findNearestMatch
WARNING: Unable to find an exact match for CDP version 126, returning the closest version; found: 125; Please update to a Selenium version that supports CDP version 126
]]></system-err>
  </testcase>
  <testcase name="verifyTitle" classname="com.SwagLab.TestCases.LoginPageTest" time="0.07">
    <system-out><![CDATA[Title is  Matched: Swag Labs
]]></system-out>
  </testcase>
  <testcase name="validateLogin" classname="com.SwagLab.TestCases.LoginPageTest" time="1.756">
    <system-out><![CDATA[Login Completed!
]]></system-out>
  </testcase>
  <testcase name="verifyProductCount" classname="com.SwagLab.TestCases.InventoryPageTest" time="0.03">
    <system-out><![CDATA[Login Completed!
Product count matched!..Found total 6 product
]]></system-out>
    <system-err><![CDATA[Jul 14, 2024 12:39:46 PM org.openqa.selenium.devtools.CdpVersionFinder findNearestMatch
WARNING: Unable to find an exact match for CDP version 126, returning the closest version; found: 125; Please update to a Selenium version that supports CDP version 126
]]></system-err>
  </testcase>
  <testcase name="verifyProductList" classname="com.SwagLab.TestCases.InventoryPageTest" time="0.264">
    <system-out><![CDATA[********Product Names are**********
Sauce Labs Backpack
Sauce Labs Bike Light
Sauce Labs Bolt T-Shirt
Sauce Labs Fleece Jacket
Sauce Labs Onesie
Test.allTheThings() T-Shirt (Red)
]]></system-out>
  </testcase>
  <testcase name="ValidateAddToCart" classname="com.SwagLab.TestCases.InventoryPageTest" time="1.379">
    <system-out><![CDATA[Product added To the Cart....Sauce Labs Backpack
]]></system-out>
  </testcase>
  <testcase name="verifyCartPage" classname="com.SwagLab.TestCases.InventoryPageTest" time="1.219">
    <system-out><![CDATA[Cart Page Open!
]]></system-out>
  </testcase>
  <testcase name="verifyDescription" classname="com.SwagLab.TestCases.CartPageTest" time="1.053">
    <system-out><![CDATA[Login Completed!
Product added To the Cart....Test.allTheThings() T-Shirt (Red)
Cart Page Open!
Product details atre: Test.allTheThings() T-Shirt (Red)
This classic Sauce Labs t-shirt is perfect to wear when cozying up to your keyboard to automate a few tests. Super-soft and comfy ringspun combed cotton.
$15.99
Remove
]]></system-out>
    <system-err><![CDATA[Jul 14, 2024 12:39:52 PM org.openqa.selenium.devtools.CdpVersionFinder findNearestMatch
WARNING: Unable to find an exact match for CDP version 126, returning the closest version; found: 125; Please update to a Selenium version that supports CDP version 126
]]></system-err>
  </testcase>
  <testcase name="validateRemove" classname="com.SwagLab.TestCases.CartPageTest" time="1.214">
    <system-out><![CDATA[Product is removed!
]]></system-out>
  </testcase>
  <testcase name="validateContinueShopping" classname="com.SwagLab.TestCases.CartPageTest" time="2.857">
    <system-out><![CDATA[Inventory page open!
Product added To the Cart....Sauce Labs Backpack
Cart Page Open!
]]></system-out>
  </testcase>
  <testcase name="verifyCheckOutPage" classname="com.SwagLab.TestCases.CartPageTest" time="1.346">
    <system-out><![CDATA[Checkout page is open!
]]></system-out>
  </testcase>
  <testcase name="validateCheckOut" classname="com.SwagLab.TestCases.CheckOutPageTest" time="0.485">
    <system-out><![CDATA[Login Completed!
Product added To the Cart....Test.allTheThings() T-Shirt (Red)
Cart Page Open!
Checkout page is open!
User Details are: fname is: Jay last name is: Nigade postalcode is: 411047
Overview Page Open!
]]></system-out>
    <system-err><![CDATA[Jul 14, 2024 12:40:04 PM org.openqa.selenium.devtools.CdpVersionFinder findNearestMatch
WARNING: Unable to find an exact match for CDP version 126, returning the closest version; found: 125; Please update to a Selenium version that supports CDP version 126
]]></system-err>
  </testcase>
  <testcase name="verifySummary" classname="com.SwagLab.TestCases.OverViewPageTest" time="0.143">
    <system-out><![CDATA[Login Completed!
Product added To the Cart....Test.allTheThings() T-Shirt (Red)
Cart Page Open!
Checkout page is open!
User Details are: fname is: Jay last name is: Nigade postalcode is: 411047
Overview Page Open!
*******Product Summary*********
QTYDescription
1
Test.allTheThings() T-Shirt (Red)
This classic Sauce Labs t-shirt is perfect to wear when cozying up to your keyboard to automate a few tests. Super-soft and comfy ringspun combed cotton.
$15.99
Payment Information:
SauceCard #31337
Shipping Information:
Free Pony Express Delivery!
Price Total
Item total: $15.99
Tax: $1.28
Total: $17.27
Cancel
Finish
]]></system-out>
    <system-err><![CDATA[Jul 14, 2024 12:40:10 PM org.openqa.selenium.devtools.CdpVersionFinder findNearestMatch
WARNING: Unable to find an exact match for CDP version 126, returning the closest version; found: 125; Please update to a Selenium version that supports CDP version 126
]]></system-err>
  </testcase>
  <testcase name="validateFinish" classname="com.SwagLab.TestCases.OverViewPageTest" time="0.38">
    <system-out><![CDATA[Success Message: Thank you for your order!
]]></system-out>
  </testcase>
</testsuite>