<?xml version="1.0" encoding="UTF-8"?>
<testng-results ignored="0" total="14" passed="14" failed="0" skipped="0">
  <reporter-output>
  </reporter-output>
  <suite started-at="2024-07-13T11:57:21 IST" name="Suite" finished-at="2024-07-13T11:57:59 IST" duration-ms="38413">
    <groups>
    </groups>
    <test started-at="2024-07-13T11:57:21 IST" name="LoginTest" finished-at="2024-07-13T11:57:29 IST" duration-ms="8019">
      <class name="com.SwagLab.TestCases.LoginPageTest">
        <test-method is-config="true" signature="setUpBrowser()[pri:0, instance:com.SwagLab.TestCases.LoginPageTest@558bdf1f]" started-at="2024-07-13T11:57:21 IST" name="setUpBrowser" finished-at="2024-07-13T11:57:26 IST" duration-ms="5484" status="PASS">
          <reporter-output>
          </reporter-output>
        </test-method> <!-- setUpBrowser -->
        <test-method signature="verifyUrl()[pri:1, instance:com.SwagLab.TestCases.LoginPageTest@558bdf1f]" started-at="2024-07-13T11:57:26 IST" name="verifyUrl" finished-at="2024-07-13T11:57:26 IST" duration-ms="140" status="PASS">
          <reporter-output>
          </reporter-output>
        </test-method> <!-- verifyUrl -->
        <test-method signature="verifyTitle()[pri:2, instance:com.SwagLab.TestCases.LoginPageTest@558bdf1f]" started-at="2024-07-13T11:57:26 IST" name="verifyTitle" finished-at="2024-07-13T11:57:26 IST" duration-ms="44" status="PASS">
          <reporter-output>
          </reporter-output>
        </test-method> <!-- verifyTitle -->
        <test-method signature="validateLogin()[pri:3, instance:com.SwagLab.TestCases.LoginPageTest@558bdf1f]" started-at="2024-07-13T11:57:26 IST" name="validateLogin" finished-at="2024-07-13T11:57:28 IST" duration-ms="1889" status="PASS">
          <reporter-output>
          </reporter-output>
        </test-method> <!-- validateLogin -->
        <test-method is-config="true" signature="tearDown()[pri:0, instance:com.SwagLab.TestCases.LoginPageTest@558bdf1f]" started-at="2024-07-13T11:57:28 IST" name="tearDown" finished-at="2024-07-13T11:57:29 IST" duration-ms="231" status="PASS">
          <reporter-output>
          </reporter-output>
        </test-method> <!-- tearDown -->
      </class> <!-- com.SwagLab.TestCases.LoginPageTest -->
    </test> <!-- LoginTest -->
    <test started-at="2024-07-13T11:57:29 IST" name="InventoryTest" finished-at="2024-07-13T11:57:36 IST" duration-ms="6531">
      <class name="com.SwagLab.TestCases.InventoryPageTest">
        <test-method is-config="true" signature="setUpBrowser()[pri:0, instance:com.SwagLab.TestCases.InventoryPageTest@39de3d36]" started-at="2024-07-13T11:57:29 IST" name="setUpBrowser" finished-at="2024-07-13T11:57:32 IST" duration-ms="2473" status="PASS">
          <reporter-output>
          </reporter-output>
        </test-method> <!-- setUpBrowser -->
        <test-method is-config="true" signature="pageSetup()[pri:0, instance:com.SwagLab.TestCases.InventoryPageTest@39de3d36]" started-at="2024-07-13T11:57:32 IST" name="pageSetup" finished-at="2024-07-13T11:57:32 IST" duration-ms="809" status="PASS">
          <reporter-output>
          </reporter-output>
        </test-method> <!-- pageSetup -->
        <test-method signature="verifyProductCount()[pri:1, instance:com.SwagLab.TestCases.InventoryPageTest@39de3d36]" started-at="2024-07-13T11:57:32 IST" name="verifyProductCount" finished-at="2024-07-13T11:57:32 IST" duration-ms="35" status="PASS">
          <reporter-output>
          </reporter-output>
        </test-method> <!-- verifyProductCount -->
        <test-method signature="verifyProductList()[pri:2, instance:com.SwagLab.TestCases.InventoryPageTest@39de3d36]" started-at="2024-07-13T11:57:32 IST" name="verifyProductList" finished-at="2024-07-13T11:57:33 IST" duration-ms="265" status="PASS">
          <reporter-output>
          </reporter-output>
        </test-method> <!-- verifyProductList -->
        <test-method signature="ValidateAddToCart()[pri:3, instance:com.SwagLab.TestCases.InventoryPageTest@39de3d36]" started-at="2024-07-13T11:57:33 IST" name="ValidateAddToCart" finished-at="2024-07-13T11:57:34 IST" duration-ms="1479" status="PASS">
          <reporter-output>
          </reporter-output>
        </test-method> <!-- ValidateAddToCart -->
        <test-method signature="verifyCartPage()[pri:4, instance:com.SwagLab.TestCases.InventoryPageTest@39de3d36]" started-at="2024-07-13T11:57:34 IST" name="verifyCartPage" finished-at="2024-07-13T11:57:35 IST" duration-ms="1223" status="PASS">
          <reporter-output>
          </reporter-output>
        </test-method> <!-- verifyCartPage -->
        <test-method is-config="true" signature="tearDown()[pri:0, instance:com.SwagLab.TestCases.InventoryPageTest@39de3d36]" started-at="2024-07-13T11:57:35 IST" name="tearDown" finished-at="2024-07-13T11:57:36 IST" duration-ms="228" status="PASS">
          <reporter-output>
          </reporter-output>
        </test-method> <!-- tearDown -->
      </class> <!-- com.SwagLab.TestCases.InventoryPageTest -->
    </test> <!-- InventoryTest -->
    <test started-at="2024-07-13T11:57:36 IST" name="CartTest" finished-at="2024-07-13T11:57:47 IST" duration-ms="11437">
      <class name="com.SwagLab.TestCases.CartPageTest">
        <test-method is-config="true" signature="setUpBrowser()[pri:0, instance:com.SwagLab.TestCases.CartPageTest@36328d33]" started-at="2024-07-13T11:57:36 IST" name="setUpBrowser" finished-at="2024-07-13T11:57:38 IST" duration-ms="2368" status="PASS">
          <reporter-output>
          </reporter-output>
        </test-method> <!-- setUpBrowser -->
        <test-method is-config="true" signature="pageSetup()[pri:0, instance:com.SwagLab.TestCases.CartPageTest@36328d33]" started-at="2024-07-13T11:57:38 IST" name="pageSetup" finished-at="2024-07-13T11:57:41 IST" duration-ms="2508" status="PASS">
          <reporter-output>
          </reporter-output>
        </test-method> <!-- pageSetup -->
        <test-method signature="verifyDescription()[pri:1, instance:com.SwagLab.TestCases.CartPageTest@36328d33]" started-at="2024-07-13T11:57:41 IST" name="verifyDescription" finished-at="2024-07-13T11:57:42 IST" duration-ms="1041" status="PASS">
          <reporter-output>
          </reporter-output>
        </test-method> <!-- verifyDescription -->
        <test-method signature="validateRemove()[pri:2, instance:com.SwagLab.TestCases.CartPageTest@36328d33]" started-at="2024-07-13T11:57:42 IST" name="validateRemove" finished-at="2024-07-13T11:57:43 IST" duration-ms="1204" status="PASS">
          <reporter-output>
          </reporter-output>
        </test-method> <!-- validateRemove -->
        <test-method signature="validateContinueShopping()[pri:3, instance:com.SwagLab.TestCases.CartPageTest@36328d33]" started-at="2024-07-13T11:57:43 IST" name="validateContinueShopping" finished-at="2024-07-13T11:57:46 IST" duration-ms="2764" status="PASS">
          <reporter-output>
          </reporter-output>
        </test-method> <!-- validateContinueShopping -->
        <test-method signature="verifyCheckOutPage()[pri:4, instance:com.SwagLab.TestCases.CartPageTest@36328d33]" started-at="2024-07-13T11:57:46 IST" name="verifyCheckOutPage" finished-at="2024-07-13T11:57:47 IST" duration-ms="1333" status="PASS">
          <reporter-output>
          </reporter-output>
        </test-method> <!-- verifyCheckOutPage -->
        <test-method is-config="true" signature="tearDown()[pri:0, instance:com.SwagLab.TestCases.CartPageTest@36328d33]" started-at="2024-07-13T11:57:47 IST" name="tearDown" finished-at="2024-07-13T11:57:47 IST" duration-ms="199" status="PASS">
          <reporter-output>
          </reporter-output>
        </test-method> <!-- tearDown -->
      </class> <!-- com.SwagLab.TestCases.CartPageTest -->
    </test> <!-- CartTest -->
    <test started-at="2024-07-13T11:57:47 IST" name="CheckoutTest" finished-at="2024-07-13T11:57:53 IST" duration-ms="6060">
      <class name="com.SwagLab.TestCases.CheckOutPageTest">
        <test-method is-config="true" signature="setUpBrowser()[pri:0, instance:com.SwagLab.TestCases.CheckOutPageTest@49ff7d8c]" started-at="2024-07-13T11:57:47 IST" name="setUpBrowser" finished-at="2024-07-13T11:57:50 IST" duration-ms="2333" status="PASS">
          <reporter-output>
          </reporter-output>
        </test-method> <!-- setUpBrowser -->
        <test-method is-config="true" signature="pagesetup()[pri:0, instance:com.SwagLab.TestCases.CheckOutPageTest@49ff7d8c]" started-at="2024-07-13T11:57:50 IST" name="pagesetup" finished-at="2024-07-13T11:57:52 IST" duration-ms="2720" status="PASS">
          <reporter-output>
          </reporter-output>
        </test-method> <!-- pagesetup -->
        <test-method signature="validateCheckOut()[pri:1, instance:com.SwagLab.TestCases.CheckOutPageTest@49ff7d8c]" started-at="2024-07-13T11:57:52 IST" name="validateCheckOut" finished-at="2024-07-13T11:57:53 IST" duration-ms="823" status="PASS">
          <reporter-output>
          </reporter-output>
        </test-method> <!-- validateCheckOut -->
        <test-method is-config="true" signature="tearDown()[pri:0, instance:com.SwagLab.TestCases.CheckOutPageTest@49ff7d8c]" started-at="2024-07-13T11:57:53 IST" name="tearDown" finished-at="2024-07-13T11:57:53 IST" duration-ms="180" status="PASS">
          <reporter-output>
          </reporter-output>
        </test-method> <!-- tearDown -->
      </class> <!-- com.SwagLab.TestCases.CheckOutPageTest -->
    </test> <!-- CheckoutTest -->
    <test started-at="2024-07-13T11:57:53 IST" name="OverviewTest" finished-at="2024-07-13T11:57:59 IST" duration-ms="5590">
      <class name="com.SwagLab.TestCases.OverViewPageTest">
        <test-method is-config="true" signature="setUpBrowser()[pri:0, instance:com.SwagLab.TestCases.OverViewPageTest@7331196b]" started-at="2024-07-13T11:57:53 IST" name="setUpBrowser" finished-at="2024-07-13T11:57:56 IST" duration-ms="2206" status="PASS">
          <reporter-output>
          </reporter-output>
        </test-method> <!-- setUpBrowser -->
        <test-method is-config="true" signature="pagesetup()[pri:0, instance:com.SwagLab.TestCases.OverViewPageTest@7331196b]" started-at="2024-07-13T11:57:56 IST" name="pagesetup" finished-at="2024-07-13T11:57:58 IST" duration-ms="2866" status="PASS">
          <reporter-output>
          </reporter-output>
        </test-method> <!-- pagesetup -->
        <test-method signature="verifySummary()[pri:1, instance:com.SwagLab.TestCases.OverViewPageTest@7331196b]" started-at="2024-07-13T11:57:58 IST" name="verifySummary" finished-at="2024-07-13T11:57:59 IST" duration-ms="112" status="PASS">
          <reporter-output>
          </reporter-output>
        </test-method> <!-- verifySummary -->
        <test-method signature="validateFinish()[pri:2, instance:com.SwagLab.TestCases.OverViewPageTest@7331196b]" started-at="2024-07-13T11:57:59 IST" name="validateFinish" finished-at="2024-07-13T11:57:59 IST" duration-ms="234" status="PASS">
          <reporter-output>
          </reporter-output>
        </test-method> <!-- validateFinish -->
        <test-method is-config="true" signature="tearDown()[pri:0, instance:com.SwagLab.TestCases.OverViewPageTest@7331196b]" started-at="2024-07-13T11:57:59 IST" name="tearDown" finished-at="2024-07-13T11:57:59 IST" duration-ms="164" status="PASS">
          <reporter-output>
          </reporter-output>
        </test-method> <!-- tearDown -->
      </class> <!-- com.SwagLab.TestCases.OverViewPageTest -->
    </test> <!-- OverviewTest -->
  </suite> <!-- Suite -->
</testng-results>
