<?xml version="1.0" encoding="UTF-8"?>
<testng-results ignored="0" total="14" passed="14" failed="0" skipped="0">
  <reporter-output>
  </reporter-output>
  <suite started-at="2024-06-30T12:59:53 IST" name="Suite" finished-at="2024-06-30T13:00:34 IST" duration-ms="40225">
    <groups>
    </groups>
    <test started-at="2024-06-30T12:59:53 IST" name="LoginTest" finished-at="2024-06-30T13:00:00 IST" duration-ms="6269">
      <class name="com.SwagLab.TestCases.LoginPageTest">
        <test-method is-config="true" signature="setUpBrowser()[pri:0, instance:com.SwagLab.TestCases.LoginPageTest@1698fc68]" started-at="2024-06-30T12:59:54 IST" name="setUpBrowser" finished-at="2024-06-30T12:59:57 IST" duration-ms="3838" status="PASS">
          <reporter-output>
          </reporter-output>
        </test-method> <!-- setUpBrowser -->
        <test-method signature="verifyUrl()[pri:1, instance:com.SwagLab.TestCases.LoginPageTest@1698fc68]" started-at="2024-06-30T12:59:57 IST" name="verifyUrl" finished-at="2024-06-30T12:59:58 IST" duration-ms="151" status="PASS">
          <reporter-output>
          </reporter-output>
        </test-method> <!-- verifyUrl -->
        <test-method signature="verifyTitle()[pri:2, instance:com.SwagLab.TestCases.LoginPageTest@1698fc68]" started-at="2024-06-30T12:59:58 IST" name="verifyTitle" finished-at="2024-06-30T12:59:58 IST" duration-ms="44" status="PASS">
          <reporter-output>
          </reporter-output>
        </test-method> <!-- verifyTitle -->
        <test-method signature="validateLogin()[pri:3, instance:com.SwagLab.TestCases.LoginPageTest@1698fc68]" started-at="2024-06-30T12:59:58 IST" name="validateLogin" finished-at="2024-06-30T13:00:00 IST" duration-ms="1763" status="PASS">
          <reporter-output>
          </reporter-output>
        </test-method> <!-- validateLogin -->
        <test-method is-config="true" signature="tearDown()[pri:0, instance:com.SwagLab.TestCases.LoginPageTest@1698fc68]" started-at="2024-06-30T13:00:00 IST" name="tearDown" finished-at="2024-06-30T13:00:00 IST" duration-ms="231" status="PASS">
          <reporter-output>
          </reporter-output>
        </test-method> <!-- tearDown -->
      </class> <!-- com.SwagLab.TestCases.LoginPageTest -->
    </test> <!-- LoginTest -->
    <test started-at="2024-06-30T13:00:00 IST" name="InventoryTest" finished-at="2024-06-30T13:00:07 IST" duration-ms="6261">
      <class name="com.SwagLab.TestCases.InventoryPageTest">
        <test-method is-config="true" signature="setUpBrowser()[pri:0, instance:com.SwagLab.TestCases.InventoryPageTest@75c9e76b]" started-at="2024-06-30T13:00:00 IST" name="setUpBrowser" finished-at="2024-06-30T13:00:03 IST" duration-ms="2340" status="PASS">
          <reporter-output>
          </reporter-output>
        </test-method> <!-- setUpBrowser -->
        <test-method is-config="true" signature="pageSetup()[pri:0, instance:com.SwagLab.TestCases.InventoryPageTest@75c9e76b]" started-at="2024-06-30T13:00:03 IST" name="pageSetup" finished-at="2024-06-30T13:00:03 IST" duration-ms="781" status="PASS">
          <reporter-output>
          </reporter-output>
        </test-method> <!-- pageSetup -->
        <test-method signature="verifyProductCount()[pri:1, instance:com.SwagLab.TestCases.InventoryPageTest@75c9e76b]" started-at="2024-06-30T13:00:03 IST" name="verifyProductCount" finished-at="2024-06-30T13:00:03 IST" duration-ms="35" status="PASS">
          <reporter-output>
          </reporter-output>
        </test-method> <!-- verifyProductCount -->
        <test-method signature="verifyProductList()[pri:2, instance:com.SwagLab.TestCases.InventoryPageTest@75c9e76b]" started-at="2024-06-30T13:00:03 IST" name="verifyProductList" finished-at="2024-06-30T13:00:04 IST" duration-ms="242" status="PASS">
          <reporter-output>
          </reporter-output>
        </test-method> <!-- verifyProductList -->
        <test-method signature="ValidateAddToCart()[pri:3, instance:com.SwagLab.TestCases.InventoryPageTest@75c9e76b]" started-at="2024-06-30T13:00:04 IST" name="ValidateAddToCart" finished-at="2024-06-30T13:00:05 IST" duration-ms="1397" status="PASS">
          <reporter-output>
          </reporter-output>
        </test-method> <!-- ValidateAddToCart -->
        <test-method signature="verifyCartPage()[pri:4, instance:com.SwagLab.TestCases.InventoryPageTest@75c9e76b]" started-at="2024-06-30T13:00:05 IST" name="verifyCartPage" finished-at="2024-06-30T13:00:06 IST" duration-ms="1192" status="PASS">
          <reporter-output>
          </reporter-output>
        </test-method> <!-- verifyCartPage -->
        <test-method is-config="true" signature="tearDown()[pri:0, instance:com.SwagLab.TestCases.InventoryPageTest@75c9e76b]" started-at="2024-06-30T13:00:06 IST" name="tearDown" finished-at="2024-06-30T13:00:07 IST" duration-ms="235" status="PASS">
          <reporter-output>
          </reporter-output>
        </test-method> <!-- tearDown -->
      </class> <!-- com.SwagLab.TestCases.InventoryPageTest -->
    </test> <!-- InventoryTest -->
    <test started-at="2024-06-30T13:00:07 IST" name="CartTest" finished-at="2024-06-30T13:00:18 IST" duration-ms="11597">
      <class name="com.SwagLab.TestCases.CartPageTest">
        <test-method is-config="true" signature="setUpBrowser()[pri:0, instance:com.SwagLab.TestCases.CartPageTest@41813449]" started-at="2024-06-30T13:00:07 IST" name="setUpBrowser" finished-at="2024-06-30T13:00:09 IST" duration-ms="2407" status="PASS">
          <reporter-output>
          </reporter-output>
        </test-method> <!-- setUpBrowser -->
        <test-method is-config="true" signature="pageSetup()[pri:0, instance:com.SwagLab.TestCases.CartPageTest@41813449]" started-at="2024-06-30T13:00:09 IST" name="pageSetup" finished-at="2024-06-30T13:00:12 IST" duration-ms="2547" status="PASS">
          <reporter-output>
          </reporter-output>
        </test-method> <!-- pageSetup -->
        <test-method signature="verifyDescription()[pri:1, instance:com.SwagLab.TestCases.CartPageTest@41813449]" started-at="2024-06-30T13:00:12 IST" name="verifyDescription" finished-at="2024-06-30T13:00:13 IST" duration-ms="1039" status="PASS">
          <reporter-output>
          </reporter-output>
        </test-method> <!-- verifyDescription -->
        <test-method signature="validateRemove()[pri:2, instance:com.SwagLab.TestCases.CartPageTest@41813449]" started-at="2024-06-30T13:00:13 IST" name="validateRemove" finished-at="2024-06-30T13:00:14 IST" duration-ms="1281" status="PASS">
          <reporter-output>
          </reporter-output>
        </test-method> <!-- validateRemove -->
        <test-method signature="validateContinueShopping()[pri:3, instance:com.SwagLab.TestCases.CartPageTest@41813449]" started-at="2024-06-30T13:00:14 IST" name="validateContinueShopping" finished-at="2024-06-30T13:00:17 IST" duration-ms="2751" status="PASS">
          <reporter-output>
          </reporter-output>
        </test-method> <!-- validateContinueShopping -->
        <test-method signature="verifyCheckOutPage()[pri:4, instance:com.SwagLab.TestCases.CartPageTest@41813449]" started-at="2024-06-30T13:00:17 IST" name="verifyCheckOutPage" finished-at="2024-06-30T13:00:18 IST" duration-ms="1324" status="PASS">
          <reporter-output>
          </reporter-output>
        </test-method> <!-- verifyCheckOutPage -->
        <test-method is-config="true" signature="tearDown()[pri:0, instance:com.SwagLab.TestCases.CartPageTest@41813449]" started-at="2024-06-30T13:00:18 IST" name="tearDown" finished-at="2024-06-30T13:00:18 IST" duration-ms="232" status="PASS">
          <reporter-output>
          </reporter-output>
        </test-method> <!-- tearDown -->
      </class> <!-- com.SwagLab.TestCases.CartPageTest -->
    </test> <!-- CartTest -->
    <test started-at="2024-06-30T13:00:18 IST" name="CheckoutTest" finished-at="2024-06-30T13:00:24 IST" duration-ms="5957">
      <class name="com.SwagLab.TestCases.CheckOutPageTest">
        <test-method is-config="true" signature="setUpBrowser()[pri:0, instance:com.SwagLab.TestCases.CheckOutPageTest@dcfda20]" started-at="2024-06-30T13:00:18 IST" name="setUpBrowser" finished-at="2024-06-30T13:00:21 IST" duration-ms="2377" status="PASS">
          <reporter-output>
          </reporter-output>
        </test-method> <!-- setUpBrowser -->
        <test-method is-config="true" signature="pagesetup()[pri:0, instance:com.SwagLab.TestCases.CheckOutPageTest@dcfda20]" started-at="2024-06-30T13:00:21 IST" name="pagesetup" finished-at="2024-06-30T13:00:23 IST" duration-ms="2810" status="PASS">
          <reporter-output>
          </reporter-output>
        </test-method> <!-- pagesetup -->
        <test-method signature="validateCheckOut()[pri:1, instance:com.SwagLab.TestCases.CheckOutPageTest@dcfda20]" started-at="2024-06-30T13:00:23 IST" name="validateCheckOut" finished-at="2024-06-30T13:00:24 IST" duration-ms="590" status="PASS">
          <reporter-output>
          </reporter-output>
        </test-method> <!-- validateCheckOut -->
        <test-method is-config="true" signature="tearDown()[pri:0, instance:com.SwagLab.TestCases.CheckOutPageTest@dcfda20]" started-at="2024-06-30T13:00:24 IST" name="tearDown" finished-at="2024-06-30T13:00:24 IST" duration-ms="176" status="PASS">
          <reporter-output>
          </reporter-output>
        </test-method> <!-- tearDown -->
      </class> <!-- com.SwagLab.TestCases.CheckOutPageTest -->
    </test> <!-- CheckoutTest -->
    <test started-at="2024-06-30T13:00:24 IST" name="OverviewTest" finished-at="2024-06-30T13:00:34 IST" duration-ms="9379">
      <class name="com.SwagLab.TestCases.OverViewPageTest">
        <test-method is-config="true" signature="setUpBrowser()[pri:0, instance:com.SwagLab.TestCases.OverViewPageTest@4cc6fa2a]" started-at="2024-06-30T13:00:24 IST" name="setUpBrowser" finished-at="2024-06-30T13:00:30 IST" duration-ms="5493" status="PASS">
          <reporter-output>
          </reporter-output>
        </test-method> <!-- setUpBrowser -->
        <test-method is-config="true" signature="pagesetup()[pri:0, instance:com.SwagLab.TestCases.OverViewPageTest@4cc6fa2a]" started-at="2024-06-30T13:00:30 IST" name="pagesetup" finished-at="2024-06-30T13:00:33 IST" duration-ms="3199" status="PASS">
          <reporter-output>
          </reporter-output>
        </test-method> <!-- pagesetup -->
        <test-method signature="verifySummary()[pri:1, instance:com.SwagLab.TestCases.OverViewPageTest@4cc6fa2a]" started-at="2024-06-30T13:00:33 IST" name="verifySummary" finished-at="2024-06-30T13:00:33 IST" duration-ms="167" status="PASS">
          <reporter-output>
          </reporter-output>
        </test-method> <!-- verifySummary -->
        <test-method signature="validateFinish()[pri:2, instance:com.SwagLab.TestCases.OverViewPageTest@4cc6fa2a]" started-at="2024-06-30T13:00:33 IST" name="validateFinish" finished-at="2024-06-30T13:00:33 IST" duration-ms="226" status="PASS">
          <reporter-output>
          </reporter-output>
        </test-method> <!-- validateFinish -->
        <test-method is-config="true" signature="tearDown()[pri:0, instance:com.SwagLab.TestCases.OverViewPageTest@4cc6fa2a]" started-at="2024-06-30T13:00:33 IST" name="tearDown" finished-at="2024-06-30T13:00:34 IST" duration-ms="286" status="PASS">
          <reporter-output>
          </reporter-output>
        </test-method> <!-- tearDown -->
      </class> <!-- com.SwagLab.TestCases.OverViewPageTest -->
    </test> <!-- OverviewTest -->
  </suite> <!-- Suite -->
</testng-results>
