<?xml version="1.0" encoding="UTF-8"?>
<testng-results ignored="0" total="3" passed="3" failed="0" skipped="0">
  <reporter-output>
  </reporter-output>
  <suite started-at="2024-06-16T13:02:35 IST" name="Suite" finished-at="2024-06-16T13:02:46 IST" duration-ms="11617">
    <groups>
    </groups>
    <test started-at="2024-06-16T13:02:35 IST" name="ChromeTest" finished-at="2024-06-16T13:02:43 IST" duration-ms="7791">
      <class name="parallelTest.CrossBrowserTest">
        <test-method signature="testOnBrowsers(java.lang.String)[pri:0, instance:parallelTest.CrossBrowserTest@6283d8b8]" started-at="2024-06-16T13:02:35 IST" name="testOnBrowsers" finished-at="2024-06-16T13:02:43 IST" duration-ms="7708" status="PASS">
          <params>
            <param index="0">
              <value>
                <![CDATA[chrome]]>
              </value>
            </param>
          </params>
          <reporter-output>
          </reporter-output>
        </test-method> <!-- testOnBrowsers -->
      </class> <!-- parallelTest.CrossBrowserTest -->
    </test> <!-- ChromeTest -->
    <test started-at="2024-06-16T13:02:35 IST" name="Edgetest" finished-at="2024-06-16T13:02:45 IST" duration-ms="9696">
      <class name="parallelTest.CrossBrowserTest">
        <test-method signature="testOnBrowsers(java.lang.String)[pri:0, instance:parallelTest.CrossBrowserTest@48aca48b]" started-at="2024-06-16T13:02:35 IST" name="testOnBrowsers" finished-at="2024-06-16T13:02:45 IST" duration-ms="9617" status="PASS">
          <params>
            <param index="0">
              <value>
                <![CDATA[edge]]>
              </value>
            </param>
          </params>
          <reporter-output>
          </reporter-output>
        </test-method> <!-- testOnBrowsers -->
      </class> <!-- parallelTest.CrossBrowserTest -->
    </test> <!-- Edgetest -->
    <test started-at="2024-06-16T13:02:35 IST" name="FirefoxTest" finished-at="2024-06-16T13:02:46 IST" duration-ms="11617">
      <class name="parallelTest.CrossBrowserTest">
        <test-method signature="testOnBrowsers(java.lang.String)[pri:0, instance:parallelTest.CrossBrowserTest@59505b48]" started-at="2024-06-16T13:02:35 IST" name="testOnBrowsers" finished-at="2024-06-16T13:02:46 IST" duration-ms="11537" status="PASS">
          <params>
            <param index="0">
              <value>
                <![CDATA[firefox]]>
              </value>
            </param>
          </params>
          <reporter-output>
          </reporter-output>
        </test-method> <!-- testOnBrowsers -->
      </class> <!-- parallelTest.CrossBrowserTest -->
    </test> <!-- FirefoxTest -->
  </suite> <!-- Suite -->
</testng-results>
